<?xml version="1.0" encoding="UTF-8"?>
<TestRun id="70df6824-48bf-4137-a8f7-80a9625b7c17" name="savaf@DESKTOP-T0VJHNI 2019-07-26 19:56:26" runUser="DESKTOP-T0VJHNI\savaf" xmlns="http://microsoft.com/schemas/VisualStudio/TeamTest/2010">
  <TestSettings name="Local" id="f86bb67b-05cb-4886-ab17-a0f9d915b4c7">
    <Description>These are default test settings for a local test run.</Description>
    <Execution hostProcessPlatform="MSIL">
      <TestTypeSpecific />
      <AgentRule name="Execution Agents">
      </AgentRule>
    </Execution>
    <Deployment runDeploymentRoot="savaf_DESKTOP-T0VJHNI 2019-07-26 19_56_26" />
    <Properties>
      <Property name="TestSettingsUIType" value="LoadTest" />
    </Properties>
  </TestSettings>
  <Times creation="2019-07-26T19:56:26.7643624-04:00" queuing="2019-07-26T19:56:27.6868240-04:00" start="2019-07-26T19:56:27.8668225-04:00" finish="2019-07-26T19:56:40.1510972-04:00" />
  <ResultSummary outcome="Failed">
    <Counters total="1" executed="1" error="0" failed="1" timeout="0" aborted="0" inconclusive="0" passedButRunAborted="0" notRunnable="0" notExecuted="0" disconnected="0" warning="0" passed="0" completed="0" inProgress="0" pending="0" />
  </ResultSummary>
  <TestDefinitions>
    <WebTest name="Secciones" storage="c:\workspace\tareas\tareafinalvv\modulogestornotastestload\secciones.webtest" id="458a01e2-5e94-4876-8974-e69b213e1bc9" persistedWebTest="77u/PD94bWwgdmVyc2lvbj0iMS4wIiBlbmNvZGluZz0iVVRGLTgiIHN0YW5kYWxvbmU9InllcyI/Pg0KPFdlYlRlc3QgTmFtZT0iU2VjY2lvbmVzIiBJZD0iNDU4YTAxZTItNWU5NC00ODc2LTg5NzQtZTY5YjIxM2UxYmM5IiBPd25lcj0iIiBQcmlvcml0eT0iMjE0NzQ4MzY0NyIgRW5hYmxlZD0iVHJ1ZSIgQ3NzUHJvamVjdFN0cnVjdHVyZT0iIiBDc3NJdGVyYXRpb249IiIgVGltZW91dD0iMCIgV29ya0l0ZW1JZHM9IiIgeG1sbnM9Imh0dHA6Ly9taWNyb3NvZnQuY29tL3NjaGVtYXMvVmlzdWFsU3R1ZGlvL1RlYW1UZXN0LzIwMTAiIERlc2NyaXB0aW9uPSIiIENyZWRlbnRpYWxVc2VyTmFtZT0iIiBDcmVkZW50aWFsUGFzc3dvcmQ9IiIgUHJlQXV0aGVudGljYXRlPSJUcnVlIiBQcm94eT0iZGVmYXVsdCIgU3RvcE9uRXJyb3I9IkZhbHNlIiBSZWNvcmRlZFJlc3VsdEZpbGU9IiIgUmVzdWx0c0xvY2FsZT0iIj4NCiAgPEl0ZW1zPg0KICAgIDxSZXF1ZXN0IE1ldGhvZD0iR0VUIiBHdWlkPSI2M2I2NzE4Ni0xNjYxLTRjNmQtYTE3My02OGRmOTFmMjRlMDkiIFZlcnNpb249IjEuMSIgVXJsPSJodHRwczovL2dvb2dsZS5jb20vIiBUaGlua1RpbWU9IjAiIFRpbWVvdXQ9IjMwMCIgUGFyc2VEZXBlbmRlbnRSZXF1ZXN0cz0iVHJ1ZSIgRm9sbG93UmVkaXJlY3RzPSJUcnVlIiBSZWNvcmRSZXN1bHQ9IlRydWUiIENhY2hlPSJGYWxzZSIgUmVzcG9uc2VUaW1lR29hbD0iMCIgRW5jb2Rpbmc9InV0Zi04IiBFeHBlY3RlZEh0dHBTdGF0dXNDb2RlPSIwIiBFeHBlY3RlZFJlc3BvbnNlVXJsPSIiIFJlcG9ydGluZ05hbWU9IiIgSWdub3JlSHR0cFN0YXR1c0NvZGU9IkZhbHNlIj4NCiAgICAgIDxIZWFkZXJzPg0KICAgICAgICA8SGVhZGVyIE5hbWU9IkNvb2tpZSIgVmFsdWU9Il9fUmVxdWVzdFZlcmlmaWNhdGlvblRva2VuPUZJeC1jQ05xTFlIWHAtVlJIQTNLM1EwdUo0cWc3aXFPbjVqcHo5b2JVMkxMYUhzQ3BWY3NCOC1NYkkwdm9PYTJnd0trNXE2cGYyWG93MGI2dGZuN3BIcFpMbkhldDlPV2dwaG9adURRb1N3MTsgLkFzcE5ldC5BcHBsaWNhdGlvbkNvb2tpZT1NQURyOGExMjlTWHBmY0NaVm1lUkVDZVlqNVNIZFI0XzAtWF9NSHRsUE54c0FkV21JRVMzcl9NbHVqLWVaN3hSN1FzeS1pQ1VDZGdMTmI5TWJxMmdMaDJ0aS1BeDJwVy1NNFpsd0lTM3dseTVMaTdxZVdRcG5ZMVFEOEdScEhaajg2c2swZm44WEhURTJuUENjUExpSXRHanhqRGlhOE9BZmZuVUlDdktYODZkNDRGcFFZb2tVWWR2eVVlMVpWOU1MRzg4OEwwRG5Ma2RGaER5S0RPWVZZYmxNZGpxYVppV3dfQTBZX1lIaW16TUs5dWlwTC1NV1FBbzlRczk3MWxqdThwd0UtZWhkc2l5UWV0UHp1cXhJZ2hNaGV5cW5xaUJuNUVpLWFHNFJUd0dZcVcwTElCaTlPcDQ3Wk4ybmJlUDRoVkRnSE1ILTJfM1lsbGFDR1NiR2J1UGg2MlVNVFhMWFA1N0RseVU1UXJkakNSZjJmMlZySlZ6bzNIWE1NdFNPVkcxOGRsaEc1aXJWQ0p6cU53bVl1YnBkeEhxZk9RSXZEWGIwelRSRVA2WlB6R3l5bC1ub2YzVmpuTmtMWDQ5aVpzanFINnFfU0g1OHVRYkFaM0JCNWZHcl8yQ21qdVA5UzR0UGJzaDlzR1ptMWFpeUdROXo1bWNuMlZtMDJZMTZwLUtKbVJITzBMR3I5MC1ob2V4Vzc1TE1DczlGRzZmdW10ZDVqNTJPVlUiIC8+DQogICAgICA8L0hlYWRlcnM+DQogICAgPC9SZXF1ZXN0Pg0KICA8L0l0ZW1zPg0KICA8VmFsaWRhdGlvblJ1bGVzPg0KICAgIDxWYWxpZGF0aW9uUnVsZSBDbGFzc25hbWU9Ik1pY3Jvc29mdC5WaXN1YWxTdHVkaW8uVGVzdFRvb2xzLldlYlRlc3RpbmcuUnVsZXMuVmFsaWRhdGVSZXNwb25zZVVybCwgTWljcm9zb2Z0LlZpc3VhbFN0dWRpby5RdWFsaXR5VG9vbHMuV2ViVGVzdEZyYW1ld29yaywgVmVyc2lvbj0xMC4wLjAuMCwgQ3VsdHVyZT1uZXV0cmFsLCBQdWJsaWNLZXlUb2tlbj1iMDNmNWY3ZjExZDUwYTNhIiBEaXNwbGF5TmFtZT0iUmVzcG9uc2UgVVJMIiBEZXNjcmlwdGlvbj0iVmFsaWRhdGVzIHRoYXQgdGhlIHJlc3BvbnNlIFVSTCBhZnRlciByZWRpcmVjdHMgYXJlIGZvbGxvd2VkIGlzIHRoZSBzYW1lIGFzIHRoZSByZWNvcmRlZCByZXNwb25zZSBVUkwuICBRdWVyeVN0cmluZyBwYXJhbWV0ZXJzIGFyZSBpZ25vcmVkLiIgTGV2ZWw9IkxvdyIgRXhlY3R1aW9uT3JkZXI9IkJlZm9yZURlcGVuZGVudHMiIC8+DQogICAgPFZhbGlkYXRpb25SdWxlIENsYXNzbmFtZT0iTWljcm9zb2Z0LlZpc3VhbFN0dWRpby5UZXN0VG9vbHMuV2ViVGVzdGluZy5SdWxlcy5WYWxpZGF0aW9uUnVsZVJlc3BvbnNlVGltZUdvYWwsIE1pY3Jvc29mdC5WaXN1YWxTdHVkaW8uUXVhbGl0eVRvb2xzLldlYlRlc3RGcmFtZXdvcmssIFZlcnNpb249MTAuMC4wLjAsIEN1bHR1cmU9bmV1dHJhbCwgUHVibGljS2V5VG9rZW49YjAzZjVmN2YxMWQ1MGEzYSIgRGlzcGxheU5hbWU9IlJlc3BvbnNlIFRpbWUgR29hbCIgRGVzY3JpcHRpb249IlZhbGlkYXRlcyB0aGF0IHRoZSByZXNwb25zZSB0aW1lIGZvciB0aGUgcmVxdWVzdCBpcyBsZXNzIHRoYW4gb3IgZXF1YWwgdG8gdGhlIHJlc3BvbnNlIHRpbWUgZ29hbCBhcyBzcGVjaWZpZWQgb24gdGhlIHJlcXVlc3QuICBSZXNwb25zZSB0aW1lIGdvYWxzIG9mIHplcm8gd2lsbCBiZSBpZ25vcmVkLiIgTGV2ZWw9IkxvdyIgRXhlY3R1aW9uT3JkZXI9IkFmdGVyRGVwZW5kZW50cyI+DQogICAgICA8UnVsZVBhcmFtZXRlcnM+DQogICAgICAgIDxSdWxlUGFyYW1ldGVyIE5hbWU9IlRvbGVyYW5jZSIgVmFsdWU9IjAiIC8+DQogICAgICA8L1J1bGVQYXJhbWV0ZXJzPg0KICAgIDwvVmFsaWRhdGlvblJ1bGU+DQogIDwvVmFsaWRhdGlvblJ1bGVzPg0KPC9XZWJUZXN0Pg==">
      <Execution id="c20ee1c5-d071-4faa-90aa-3539c4675172" />
    </WebTest>
  </TestDefinitions>
  <TestLists>
    <TestList name="Results Not in a List" id="8c84fa94-04c1-424b-9868-57a2d4851a1d" />
    <TestList name="All Loaded Results" id="19431567-8539-422a-85d7-44ee4e166bda" />
  </TestLists>
  <TestEntries>
    <TestEntry isTransparent="false" testId="458a01e2-5e94-4876-8974-e69b213e1bc9" executionId="c20ee1c5-d071-4faa-90aa-3539c4675172" testListId="8c84fa94-04c1-424b-9868-57a2d4851a1d" />
  </TestEntries>
  <Results>
    <WebTestResult executionId="c20ee1c5-d071-4faa-90aa-3539c4675172" testId="458a01e2-5e94-4876-8974-e69b213e1bc9" testName="Secciones" computerName="DESKTOP-T0VJHNI" duration="00:00:01.0962424" startTime="2019-07-26T19:56:28.1388220-04:00" endTime="2019-07-26T19:56:40.0151030-04:00" testType="4e7599fa-5ecb-43e9-a887-cd63cf72d207" outcome="Failed" testListId="8c84fa94-04c1-424b-9868-57a2d4851a1d" relativeResultsDirectory="c20ee1c5-d071-4faa-90aa-3539c4675172">
      <Output>
        <ErrorInfo>
          <Message>1 primary requests, 0 dependant requests and 0 conditional rules failed</Message>
        </ErrorInfo>
      </Output>
      <ResultFiles>
        <ResultFile path="Secciones.webtestResult" />
      </ResultFiles>
      <TestSettings name="Local" id="f86bb67b-05cb-4886-ab17-a0f9d915b4c7">
        <Description>These are default test settings for a local test run.</Description>
        <Execution hostProcessPlatform="MSIL">
          <TestTypeSpecific>
            <WebTestRunConfiguration testTypeId="4e7599fa-5ecb-43e9-a887-cd63cf72d207">
              <Browser name="Internet Explorer 9.0" MaxConnections="6">
                <Headers>
                  <Header name="User-Agent" value="Mozilla/5.0 (compatible; MSIE 9.0; Windows NT 6.1; Trident/5.0)" />
                  <Header name="Accept" value="*/*" />
                  <Header name="Accept-Language" value="{{$IEAcceptLanguage}}" />
                  <Header name="Accept-Encoding" value="GZIP" />
                </Headers>
              </Browser>
            </WebTestRunConfiguration>
          </TestTypeSpecific>
          <AgentRule name="Execution Agents">
          </AgentRule>
        </Execution>
        <Deployment runDeploymentRoot="savaf_DESKTOP-T0VJHNI 2019-07-26 19_56_26" />
        <Properties>
          <Property name="TestSettingsUIType" value="LoadTest" />
        </Properties>
      </TestSettings>
      <WebTestResultFilePath>savaf_DESKTOP-T0VJHNI 2019-07-26 19_56_26\In\c20ee1c5-d071-4faa-90aa-3539c4675172\Secciones.webtestResult</WebTestResultFilePath>
    </WebTestResult>
  </Results>
</TestRun>