<?xml version="1.0" encoding="UTF-8"?>
<TestRun id="66feb06d-88a5-46c9-a780-638380995a16" name="savaf@DESKTOP-T0VJHNI 2019-07-26 20:07:17" runUser="DESKTOP-T0VJHNI\savaf" xmlns="http://microsoft.com/schemas/VisualStudio/TeamTest/2010">
  <TestSettings name="Local" id="f86bb67b-05cb-4886-ab17-a0f9d915b4c7">
    <Description>These are default test settings for a local test run.</Description>
    <Execution hostProcessPlatform="MSIL">
      <TestTypeSpecific />
      <AgentRule name="Execution Agents">
      </AgentRule>
    </Execution>
    <Deployment runDeploymentRoot="savaf_DESKTOP-T0VJHNI 2019-07-26 20_07_17" />
    <Properties>
      <Property name="TestSettingsUIType" value="LoadTest" />
    </Properties>
  </TestSettings>
  <Times creation="2019-07-26T20:07:17.5558778-04:00" queuing="2019-07-26T20:07:18.0678607-04:00" start="2019-07-26T20:07:18.1598619-04:00" finish="2019-07-26T20:07:33.4395434-04:00" />
  <ResultSummary outcome="Failed">
    <Counters total="1" executed="1" error="0" failed="1" timeout="0" aborted="0" inconclusive="0" passedButRunAborted="0" notRunnable="0" notExecuted="0" disconnected="0" warning="0" passed="0" completed="0" inProgress="0" pending="0" />
  </ResultSummary>
  <TestDefinitions>
    <WebTest name="Materias" storage="c:\workspace\tareas\tareafinalvv\modulogestornotastestload\materias.webtest" id="b0cecb0e-09bf-4eff-851e-aa06885f6358" persistedWebTest="77u/PD94bWwgdmVyc2lvbj0iMS4wIiBlbmNvZGluZz0iVVRGLTgiIHN0YW5kYWxvbmU9InllcyI/Pg0KPFdlYlRlc3QgTmFtZT0iTWF0ZXJpYXMiIElkPSJiMGNlY2IwZS0wOWJmLTRlZmYtODUxZS1hYTA2ODg1ZjYzNTgiIE93bmVyPSIiIFByaW9yaXR5PSIyMTQ3NDgzNjQ3IiBFbmFibGVkPSJUcnVlIiBDc3NQcm9qZWN0U3RydWN0dXJlPSIiIENzc0l0ZXJhdGlvbj0iIiBUaW1lb3V0PSIwIiBXb3JrSXRlbUlkcz0iIiB4bWxucz0iaHR0cDovL21pY3Jvc29mdC5jb20vc2NoZW1hcy9WaXN1YWxTdHVkaW8vVGVhbVRlc3QvMjAxMCIgRGVzY3JpcHRpb249IiIgQ3JlZGVudGlhbFVzZXJOYW1lPSIiIENyZWRlbnRpYWxQYXNzd29yZD0iIiBQcmVBdXRoZW50aWNhdGU9IlRydWUiIFByb3h5PSJkZWZhdWx0IiBTdG9wT25FcnJvcj0iRmFsc2UiIFJlY29yZGVkUmVzdWx0RmlsZT0iIiBSZXN1bHRzTG9jYWxlPSIiPg0KICA8SXRlbXM+DQogICAgPFJlcXVlc3QgTWV0aG9kPSJHRVQiIEd1aWQ9IjYzYjY3MTg2LTE2NjEtNGM2ZC1hMTczLTY4ZGY5MWYyNGUwOSIgVmVyc2lvbj0iMS4xIiBVcmw9Imh0dHBzOi8vbG9jYWxob3N0OjQ0MzY1L01hdGVyaWFzIiBUaGlua1RpbWU9IjAiIFRpbWVvdXQ9IjMwMCIgUGFyc2VEZXBlbmRlbnRSZXF1ZXN0cz0iVHJ1ZSIgRm9sbG93UmVkaXJlY3RzPSJUcnVlIiBSZWNvcmRSZXN1bHQ9IlRydWUiIENhY2hlPSJGYWxzZSIgUmVzcG9uc2VUaW1lR29hbD0iMCIgRW5jb2Rpbmc9InV0Zi04IiBFeHBlY3RlZEh0dHBTdGF0dXNDb2RlPSIwIiBFeHBlY3RlZFJlc3BvbnNlVXJsPSIiIFJlcG9ydGluZ05hbWU9IiIgSWdub3JlSHR0cFN0YXR1c0NvZGU9IkZhbHNlIj4NCiAgICAgIDxIZWFkZXJzPg0KICAgICAgICA8SGVhZGVyIE5hbWU9IkNvb2tpZSIgVmFsdWU9Il9fUmVxdWVzdFZlcmlmaWNhdGlvblRva2VuPUZJeC1jQ05xTFlIWHAtVlJIQTNLM1EwdUo0cWc3aXFPbjVqcHo5b2JVMkxMYUhzQ3BWY3NCOC1NYkkwdm9PYTJnd0trNXE2cGYyWG93MGI2dGZuN3BIcFpMbkhldDlPV2dwaG9adURRb1N3MTsgLkFzcE5ldC5BcHBsaWNhdGlvbkNvb2tpZT1NQURyOGExMjlTWHBmY0NaVm1lUkVDZVlqNVNIZFI0XzAtWF9NSHRsUE54c0FkV21JRVMzcl9NbHVqLWVaN3hSN1FzeS1pQ1VDZGdMTmI5TWJxMmdMaDJ0aS1BeDJwVy1NNFpsd0lTM3dseTVMaTdxZVdRcG5ZMVFEOEdScEhaajg2c2swZm44WEhURTJuUENjUExpSXRHanhqRGlhOE9BZmZuVUlDdktYODZkNDRGcFFZb2tVWWR2eVVlMVpWOU1MRzg4OEwwRG5Ma2RGaER5S0RPWVZZYmxNZGpxYVppV3dfQTBZX1lIaW16TUs5dWlwTC1NV1FBbzlRczk3MWxqdThwd0UtZWhkc2l5UWV0UHp1cXhJZ2hNaGV5cW5xaUJuNUVpLWFHNFJUd0dZcVcwTElCaTlPcDQ3Wk4ybmJlUDRoVkRnSE1ILTJfM1lsbGFDR1NiR2J1UGg2MlVNVFhMWFA1N0RseVU1UXJkakNSZjJmMlZySlZ6bzNIWE1NdFNPVkcxOGRsaEc1aXJWQ0p6cU53bVl1YnBkeEhxZk9RSXZEWGIwelRSRVA2WlB6R3l5bC1ub2YzVmpuTmtMWDQ5aVpzanFINnFfU0g1OHVRYkFaM0JCNWZHcl8yQ21qdVA5UzR0UGJzaDlzR1ptMWFpeUdROXo1bWNuMlZtMDJZMTZwLUtKbVJITzBMR3I5MC1ob2V4Vzc1TE1DczlGRzZmdW10ZDVqNTJPVlUiIC8+DQogICAgICA8L0hlYWRlcnM+DQogICAgPC9SZXF1ZXN0Pg0KICA8L0l0ZW1zPg0KICA8VmFsaWRhdGlvblJ1bGVzPg0KICAgIDxWYWxpZGF0aW9uUnVsZSBDbGFzc25hbWU9Ik1pY3Jvc29mdC5WaXN1YWxTdHVkaW8uVGVzdFRvb2xzLldlYlRlc3RpbmcuUnVsZXMuVmFsaWRhdGVSZXNwb25zZVVybCwgTWljcm9zb2Z0LlZpc3VhbFN0dWRpby5RdWFsaXR5VG9vbHMuV2ViVGVzdEZyYW1ld29yaywgVmVyc2lvbj0xMC4wLjAuMCwgQ3VsdHVyZT1uZXV0cmFsLCBQdWJsaWNLZXlUb2tlbj1iMDNmNWY3ZjExZDUwYTNhIiBEaXNwbGF5TmFtZT0iUmVzcG9uc2UgVVJMIiBEZXNjcmlwdGlvbj0iVmFsaWRhdGVzIHRoYXQgdGhlIHJlc3BvbnNlIFVSTCBhZnRlciByZWRpcmVjdHMgYXJlIGZvbGxvd2VkIGlzIHRoZSBzYW1lIGFzIHRoZSByZWNvcmRlZCByZXNwb25zZSBVUkwuICBRdWVyeVN0cmluZyBwYXJhbWV0ZXJzIGFyZSBpZ25vcmVkLiIgTGV2ZWw9IkxvdyIgRXhlY3R1aW9uT3JkZXI9IkJlZm9yZURlcGVuZGVudHMiIC8+DQogICAgPFZhbGlkYXRpb25SdWxlIENsYXNzbmFtZT0iTWljcm9zb2Z0LlZpc3VhbFN0dWRpby5UZXN0VG9vbHMuV2ViVGVzdGluZy5SdWxlcy5WYWxpZGF0aW9uUnVsZVJlc3BvbnNlVGltZUdvYWwsIE1pY3Jvc29mdC5WaXN1YWxTdHVkaW8uUXVhbGl0eVRvb2xzLldlYlRlc3RGcmFtZXdvcmssIFZlcnNpb249MTAuMC4wLjAsIEN1bHR1cmU9bmV1dHJhbCwgUHVibGljS2V5VG9rZW49YjAzZjVmN2YxMWQ1MGEzYSIgRGlzcGxheU5hbWU9IlJlc3BvbnNlIFRpbWUgR29hbCIgRGVzY3JpcHRpb249IlZhbGlkYXRlcyB0aGF0IHRoZSByZXNwb25zZSB0aW1lIGZvciB0aGUgcmVxdWVzdCBpcyBsZXNzIHRoYW4gb3IgZXF1YWwgdG8gdGhlIHJlc3BvbnNlIHRpbWUgZ29hbCBhcyBzcGVjaWZpZWQgb24gdGhlIHJlcXVlc3QuICBSZXNwb25zZSB0aW1lIGdvYWxzIG9mIHplcm8gd2lsbCBiZSBpZ25vcmVkLiIgTGV2ZWw9IkxvdyIgRXhlY3R1aW9uT3JkZXI9IkFmdGVyRGVwZW5kZW50cyI+DQogICAgICA8UnVsZVBhcmFtZXRlcnM+DQogICAgICAgIDxSdWxlUGFyYW1ldGVyIE5hbWU9IlRvbGVyYW5jZSIgVmFsdWU9IjAiIC8+DQogICAgICA8L1J1bGVQYXJhbWV0ZXJzPg0KICAgIDwvVmFsaWRhdGlvblJ1bGU+DQogIDwvVmFsaWRhdGlvblJ1bGVzPg0KPC9XZWJUZXN0Pg==">
      <Execution id="d250d670-d22d-4086-a1eb-f36cef83af4c" />
    </WebTest>
  </TestDefinitions>
  <TestLists>
    <TestList name="Results Not in a List" id="8c84fa94-04c1-424b-9868-57a2d4851a1d" />
    <TestList name="All Loaded Results" id="19431567-8539-422a-85d7-44ee4e166bda" />
  </TestLists>
  <TestEntries>
    <TestEntry isTransparent="false" testId="b0cecb0e-09bf-4eff-851e-aa06885f6358" executionId="d250d670-d22d-4086-a1eb-f36cef83af4c" testListId="8c84fa94-04c1-424b-9868-57a2d4851a1d" />
  </TestEntries>
  <Results>
    <WebTestResult executionId="d250d670-d22d-4086-a1eb-f36cef83af4c" testId="b0cecb0e-09bf-4eff-851e-aa06885f6358" testName="Materias" computerName="DESKTOP-T0VJHNI" duration="00:00:04.2783443" startTime="2019-07-26T20:07:18.3518608-04:00" endTime="2019-07-26T20:07:33.3235544-04:00" testType="4e7599fa-5ecb-43e9-a887-cd63cf72d207" outcome="Failed" testListId="8c84fa94-04c1-424b-9868-57a2d4851a1d" relativeResultsDirectory="d250d670-d22d-4086-a1eb-f36cef83af4c">
      <Output>
        <ErrorInfo>
          <Message>1 primary requests, 0 dependant requests and 0 conditional rules failed</Message>
        </ErrorInfo>
      </Output>
      <ResultFiles>
        <ResultFile path="Materias.webtestResult" />
      </ResultFiles>
      <TestSettings name="Local" id="f86bb67b-05cb-4886-ab17-a0f9d915b4c7">
        <Description>These are default test settings for a local test run.</Description>
        <Execution hostProcessPlatform="MSIL">
          <TestTypeSpecific>
            <WebTestRunConfiguration testTypeId="4e7599fa-5ecb-43e9-a887-cd63cf72d207">
              <Browser name="Internet Explorer 9.0" MaxConnections="6">
                <Headers>
                  <Header name="User-Agent" value="Mozilla/5.0 (compatible; MSIE 9.0; Windows NT 6.1; Trident/5.0)" />
                  <Header name="Accept" value="*/*" />
                  <Header name="Accept-Language" value="{{$IEAcceptLanguage}}" />
                  <Header name="Accept-Encoding" value="GZIP" />
                </Headers>
              </Browser>
            </WebTestRunConfiguration>
          </TestTypeSpecific>
          <AgentRule name="Execution Agents">
          </AgentRule>
        </Execution>
        <Deployment runDeploymentRoot="savaf_DESKTOP-T0VJHNI 2019-07-26 20_07_17" />
        <Properties>
          <Property name="TestSettingsUIType" value="LoadTest" />
        </Properties>
      </TestSettings>
      <WebTestResultFilePath>savaf_DESKTOP-T0VJHNI 2019-07-26 20_07_17\In\d250d670-d22d-4086-a1eb-f36cef83af4c\Materias.webtestResult</WebTestResultFilePath>
    </WebTestResult>
  </Results>
</TestRun>